This is pdfTeX, Version 3.1415926-1.40.10 (TeX Live 2009/Debian) (format=pdflatex 2011.11.6)  24 OCT 2012 14:51
entering extended mode
 Source specials enabled.
 %&-line parsing enabled.
**document.tex
(./document.tex
LaTeX2e <2009/09/24>
Babel <v3.8l> and hyphenation patterns for english, usenglishmax, dumylang, noh
yphenation, loaded.
(/usr/share/texmf-texlive/tex/latex/base/article.cls
Document Class: article 2007/10/19 v1.4h Standard LaTeX document class
(/usr/share/texmf-texlive/tex/latex/base/size12.clo
File: size12.clo 2007/10/19 v1.4h Standard LaTeX file (size option)
)
\c@part=\count79
\c@section=\count80
\c@subsection=\count81
\c@subsubsection=\count82
\c@paragraph=\count83
\c@subparagraph=\count84
\c@figure=\count85
\c@table=\count86
\abovecaptionskip=\skip41
\belowcaptionskip=\skip42
\bibindent=\dimen102
)
(/usr/share/texmf-texlive/tex/latex/setspace/setspace.sty
Package: setspace 2000/12/01 6.7 Contributed and Supported LaTeX2e package

Package: `setspace' 6.7 <2000/12/01>
) (/usr/share/texmf-texlive/tex/latex/base/inputenc.sty
Package: inputenc 2008/03/30 v1.1d Input encoding file
\inpenc@prehook=\toks14
\inpenc@posthook=\toks15

(/usr/share/texmf-texlive/tex/latex/base/utf8.def
File: utf8.def 2008/04/05 v1.1m UTF-8 support for inputenc
Now handling font encoding OML ...
... no UTF-8 mapping file for font encoding OML
Now handling font encoding T1 ...
... processing UTF-8 mapping file for font encoding T1

(/usr/share/texmf-texlive/tex/latex/base/t1enc.dfu
File: t1enc.dfu 2008/04/05 v1.1m UTF-8 support for inputenc
   defining Unicode char U+00A1 (decimal 161)
   defining Unicode char U+00A3 (decimal 163)
   defining Unicode char U+00AB (decimal 171)
   defining Unicode char U+00BB (decimal 187)
   defining Unicode char U+00BF (decimal 191)
   defining Unicode char U+00C0 (decimal 192)
   defining Unicode char U+00C1 (decimal 193)
   defining Unicode char U+00C2 (decimal 194)
   defining Unicode char U+00C3 (decimal 195)
   defining Unicode char U+00C4 (decimal 196)
   defining Unicode char U+00C5 (decimal 197)
   defining Unicode char U+00C6 (decimal 198)
   defining Unicode char U+00C7 (decimal 199)
   defining Unicode char U+00C8 (decimal 200)
   defining Unicode char U+00C9 (decimal 201)
   defining Unicode char U+00CA (decimal 202)
   defining Unicode char U+00CB (decimal 203)
   defining Unicode char U+00CC (decimal 204)
   defining Unicode char U+00CD (decimal 205)
   defining Unicode char U+00CE (decimal 206)
   defining Unicode char U+00CF (decimal 207)
   defining Unicode char U+00D0 (decimal 208)
   defining Unicode char U+00D1 (decimal 209)
   defining Unicode char U+00D2 (decimal 210)
   defining Unicode char U+00D3 (decimal 211)
   defining Unicode char U+00D4 (decimal 212)
   defining Unicode char U+00D5 (decimal 213)
   defining Unicode char U+00D6 (decimal 214)
   defining Unicode char U+00D8 (decimal 216)
   defining Unicode char U+00D9 (decimal 217)
   defining Unicode char U+00DA (decimal 218)
   defining Unicode char U+00DB (decimal 219)
   defining Unicode char U+00DC (decimal 220)
   defining Unicode char U+00DD (decimal 221)
   defining Unicode char U+00DE (decimal 222)
   defining Unicode char U+00DF (decimal 223)
   defining Unicode char U+00E0 (decimal 224)
   defining Unicode char U+00E1 (decimal 225)
   defining Unicode char U+00E2 (decimal 226)
   defining Unicode char U+00E3 (decimal 227)
   defining Unicode char U+00E4 (decimal 228)
   defining Unicode char U+00E5 (decimal 229)
   defining Unicode char U+00E6 (decimal 230)
   defining Unicode char U+00E7 (decimal 231)
   defining Unicode char U+00E8 (decimal 232)
   defining Unicode char U+00E9 (decimal 233)
   defining Unicode char U+00EA (decimal 234)
   defining Unicode char U+00EB (decimal 235)
   defining Unicode char U+00EC (decimal 236)
   defining Unicode char U+00ED (decimal 237)
   defining Unicode char U+00EE (decimal 238)
   defining Unicode char U+00EF (decimal 239)
   defining Unicode char U+00F0 (decimal 240)
   defining Unicode char U+00F1 (decimal 241)
   defining Unicode char U+00F2 (decimal 242)
   defining Unicode char U+00F3 (decimal 243)
   defining Unicode char U+00F4 (decimal 244)
   defining Unicode char U+00F5 (decimal 245)
   defining Unicode char U+00F6 (decimal 246)
   defining Unicode char U+00F8 (decimal 248)
   defining Unicode char U+00F9 (decimal 249)
   defining Unicode char U+00FA (decimal 250)
   defining Unicode char U+00FB (decimal 251)
   defining Unicode char U+00FC (decimal 252)
   defining Unicode char U+00FD (decimal 253)
   defining Unicode char U+00FE (decimal 254)
   defining Unicode char U+00FF (decimal 255)
   defining Unicode char U+0102 (decimal 258)
   defining Unicode char U+0103 (decimal 259)
   defining Unicode char U+0104 (decimal 260)
   defining Unicode char U+0105 (decimal 261)
   defining Unicode char U+0106 (decimal 262)
   defining Unicode char U+0107 (decimal 263)
   defining Unicode char U+010C (decimal 268)
   defining Unicode char U+010D (decimal 269)
   defining Unicode char U+010E (decimal 270)
   defining Unicode char U+010F (decimal 271)
   defining Unicode char U+0110 (decimal 272)
   defining Unicode char U+0111 (decimal 273)
   defining Unicode char U+0118 (decimal 280)
   defining Unicode char U+0119 (decimal 281)
   defining Unicode char U+011A (decimal 282)
   defining Unicode char U+011B (decimal 283)
   defining Unicode char U+011E (decimal 286)
   defining Unicode char U+011F (decimal 287)
   defining Unicode char U+0130 (decimal 304)
   defining Unicode char U+0131 (decimal 305)
   defining Unicode char U+0132 (decimal 306)
   defining Unicode char U+0133 (decimal 307)
   defining Unicode char U+0139 (decimal 313)
   defining Unicode char U+013A (decimal 314)
   defining Unicode char U+013D (decimal 317)
   defining Unicode char U+013E (decimal 318)
   defining Unicode char U+0141 (decimal 321)
   defining Unicode char U+0142 (decimal 322)
   defining Unicode char U+0143 (decimal 323)
   defining Unicode char U+0144 (decimal 324)
   defining Unicode char U+0147 (decimal 327)
   defining Unicode char U+0148 (decimal 328)
   defining Unicode char U+014A (decimal 330)
   defining Unicode char U+014B (decimal 331)
   defining Unicode char U+0150 (decimal 336)
   defining Unicode char U+0151 (decimal 337)
   defining Unicode char U+0152 (decimal 338)
   defining Unicode char U+0153 (decimal 339)
   defining Unicode char U+0154 (decimal 340)
   defining Unicode char U+0155 (decimal 341)
   defining Unicode char U+0158 (decimal 344)
   defining Unicode char U+0159 (decimal 345)
   defining Unicode char U+015A (decimal 346)
   defining Unicode char U+015B (decimal 347)
   defining Unicode char U+015E (decimal 350)
   defining Unicode char U+015F (decimal 351)
   defining Unicode char U+0160 (decimal 352)
   defining Unicode char U+0161 (decimal 353)
   defining Unicode char U+0162 (decimal 354)
   defining Unicode char U+0163 (decimal 355)
   defining Unicode char U+0164 (decimal 356)
   defining Unicode char U+0165 (decimal 357)
   defining Unicode char U+016E (decimal 366)
   defining Unicode char U+016F (decimal 367)
   defining Unicode char U+0170 (decimal 368)
   defining Unicode char U+0171 (decimal 369)
   defining Unicode char U+0178 (decimal 376)
   defining Unicode char U+0179 (decimal 377)
   defining Unicode char U+017A (decimal 378)
   defining Unicode char U+017B (decimal 379)
   defining Unicode char U+017C (decimal 380)
   defining Unicode char U+017D (decimal 381)
   defining Unicode char U+017E (decimal 382)
   defining Unicode char U+200C (decimal 8204)
   defining Unicode char U+2013 (decimal 8211)
   defining Unicode char U+2014 (decimal 8212)
   defining Unicode char U+2018 (decimal 8216)
   defining Unicode char U+2019 (decimal 8217)
   defining Unicode char U+201A (decimal 8218)
   defining Unicode char U+201C (decimal 8220)
   defining Unicode char U+201D (decimal 8221)
   defining Unicode char U+201E (decimal 8222)
   defining Unicode char U+2030 (decimal 8240)
   defining Unicode char U+2031 (decimal 8241)
   defining Unicode char U+2039 (decimal 8249)
   defining Unicode char U+203A (decimal 8250)
   defining Unicode char U+2423 (decimal 9251)
)
Now handling font encoding OT1 ...
... processing UTF-8 mapping file for font encoding OT1

(/usr/share/texmf-texlive/tex/latex/base/ot1enc.dfu
File: ot1enc.dfu 2008/04/05 v1.1m UTF-8 support for inputenc
   defining Unicode char U+00A1 (decimal 161)
   defining Unicode char U+00A3 (decimal 163)
   defining Unicode char U+00B8 (decimal 184)
   defining Unicode char U+00BF (decimal 191)
   defining Unicode char U+00C5 (decimal 197)
   defining Unicode char U+00C6 (decimal 198)
   defining Unicode char U+00D8 (decimal 216)
   defining Unicode char U+00DF (decimal 223)
   defining Unicode char U+00E6 (decimal 230)
   defining Unicode char U+00EC (decimal 236)
   defining Unicode char U+00ED (decimal 237)
   defining Unicode char U+00EE (decimal 238)
   defining Unicode char U+00EF (decimal 239)
   defining Unicode char U+00F8 (decimal 248)
   defining Unicode char U+0131 (decimal 305)
   defining Unicode char U+0141 (decimal 321)
   defining Unicode char U+0142 (decimal 322)
   defining Unicode char U+0152 (decimal 338)
   defining Unicode char U+0153 (decimal 339)
   defining Unicode char U+2013 (decimal 8211)
   defining Unicode char U+2014 (decimal 8212)
   defining Unicode char U+2018 (decimal 8216)
   defining Unicode char U+2019 (decimal 8217)
   defining Unicode char U+201C (decimal 8220)
   defining Unicode char U+201D (decimal 8221)
)
Now handling font encoding OMS ...
... processing UTF-8 mapping file for font encoding OMS

(/usr/share/texmf-texlive/tex/latex/base/omsenc.dfu
File: omsenc.dfu 2008/04/05 v1.1m UTF-8 support for inputenc
   defining Unicode char U+00A7 (decimal 167)
   defining Unicode char U+00B6 (decimal 182)
   defining Unicode char U+00B7 (decimal 183)
   defining Unicode char U+2020 (decimal 8224)
   defining Unicode char U+2021 (decimal 8225)
   defining Unicode char U+2022 (decimal 8226)
)
Now handling font encoding OMX ...
... no UTF-8 mapping file for font encoding OMX
Now handling font encoding U ...
... no UTF-8 mapping file for font encoding U
   defining Unicode char U+00A9 (decimal 169)
   defining Unicode char U+00AA (decimal 170)
   defining Unicode char U+00AE (decimal 174)
   defining Unicode char U+00BA (decimal 186)
   defining Unicode char U+02C6 (decimal 710)
   defining Unicode char U+02DC (decimal 732)
   defining Unicode char U+200C (decimal 8204)
   defining Unicode char U+2026 (decimal 8230)
   defining Unicode char U+2122 (decimal 8482)
   defining Unicode char U+2423 (decimal 9251)
))
(/usr/share/texmf-texlive/tex/latex/graphics/graphicx.sty
Package: graphicx 1999/02/16 v1.0f Enhanced LaTeX Graphics (DPC,SPQR)

(/usr/share/texmf-texlive/tex/latex/graphics/keyval.sty
Package: keyval 1999/03/16 v1.13 key=value parser (DPC)
\KV@toks@=\toks16
)
(/usr/share/texmf-texlive/tex/latex/graphics/graphics.sty
Package: graphics 2009/02/05 v1.0o Standard LaTeX Graphics (DPC,SPQR)

(/usr/share/texmf-texlive/tex/latex/graphics/trig.sty
Package: trig 1999/03/16 v1.09 sin cos tan (DPC)
)
(/etc/texmf/tex/latex/config/graphics.cfg
File: graphics.cfg 2009/08/28 v1.8 graphics configuration of TeX Live
)
Package graphics Info: Driver file: pdftex.def on input line 91.

(/usr/share/texmf-texlive/tex/latex/pdftex-def/pdftex.def
File: pdftex.def 2010/03/12 v0.04p Graphics/color for pdfTeX
\Gread@gobject=\count87
))
\Gin@req@height=\dimen103
\Gin@req@width=\dimen104
)
(/usr/share/texmf-texlive/tex/latex/amsmath/amsmath.sty
Package: amsmath 2000/07/18 v2.13 AMS math features
\@mathmargin=\skip43

For additional information on amsmath, use the `?' option.
(/usr/share/texmf-texlive/tex/latex/amsmath/amstext.sty
Package: amstext 2000/06/29 v2.01

(/usr/share/texmf-texlive/tex/latex/amsmath/amsgen.sty
File: amsgen.sty 1999/11/30 v2.0
\@emptytoks=\toks17
\ex@=\dimen105
))
(/usr/share/texmf-texlive/tex/latex/amsmath/amsbsy.sty
Package: amsbsy 1999/11/29 v1.2d
\pmbraise@=\dimen106
)
(/usr/share/texmf-texlive/tex/latex/amsmath/amsopn.sty
Package: amsopn 1999/12/14 v2.01 operator names
)
\inf@bad=\count88
LaTeX Info: Redefining \frac on input line 211.
\uproot@=\count89
\leftroot@=\count90
LaTeX Info: Redefining \overline on input line 307.
\classnum@=\count91
\DOTSCASE@=\count92
LaTeX Info: Redefining \ldots on input line 379.
LaTeX Info: Redefining \dots on input line 382.
LaTeX Info: Redefining \cdots on input line 467.
\Mathstrutbox@=\box26
\strutbox@=\box27
\big@size=\dimen107
LaTeX Font Info:    Redeclaring font encoding OML on input line 567.
LaTeX Font Info:    Redeclaring font encoding OMS on input line 568.
\macc@depth=\count93
\c@MaxMatrixCols=\count94
\dotsspace@=\muskip10
\c@parentequation=\count95
\dspbrk@lvl=\count96
\tag@help=\toks18
\row@=\count97
\column@=\count98
\maxfields@=\count99
\andhelp@=\toks19
\eqnshift@=\dimen108
\alignsep@=\dimen109
\tagshift@=\dimen110
\tagwidth@=\dimen111
\totwidth@=\dimen112
\lineht@=\dimen113
\@envbody=\toks20
\multlinegap=\skip44
\multlinetaggap=\skip45
\mathdisplay@stack=\toks21
LaTeX Info: Redefining \[ on input line 2666.
LaTeX Info: Redefining \] on input line 2667.
)
(/usr/share/texmf-texlive/tex/latex/ltxmisc/framed.sty
Package: framed 2007/10/04 v 0.95: framed or shaded text with page breaks
\fb@frw=\dimen114
\fb@frh=\dimen115
\FrameRule=\dimen116
\FrameSep=\dimen117
)
(/usr/share/texmf-texlive/tex/generic/babel/babel.sty
Package: babel 2008/07/06 v3.8l The Babel package

(/usr/share/texmf-texlive/tex/generic/babel/ngermanb.ldf
Language: ngermanb 2008/07/06 v2.6n new German support from the babel system

(/usr/share/texmf-texlive/tex/generic/babel/babel.def
File: babel.def 2008/07/06 v3.8l Babel common definitions
\babel@savecnt=\count100
\U@D=\dimen118
)

Package babel Warning: No hyphenation patterns were loaded for
(babel)                the language `ngerman'
(babel)                I will use the patterns loaded for \language=0 instead.

\l@ngerman = a dialect from \language0
\l@naustrian = a dialect from \language\l@ngerman 
Package babel Info: Making " an active character on input line 92.
)) (/usr/share/texmf-texlive/tex/latex/ltxmisc/url.sty
\Urlmuskip=\muskip11
Package: url 2006/04/12  ver 3.3  Verb mode for urls, etc.
)
(/usr/share/texmf-texlive/tex/latex/pdfpages/pdfpages.sty
Package: pdfpages 2009/02/07 v0.4g Insert pages of external PDF documents (AM)

(/usr/share/texmf-texlive/tex/latex/base/ifthen.sty
Package: ifthen 2001/05/26 v1.1c Standard LaTeX ifthen package (DPC)
)
(/usr/share/texmf-texlive/tex/latex/tools/calc.sty
Package: calc 2007/08/22 v4.3 Infix arithmetic (KKT,FJ)
\calc@Acount=\count101
\calc@Bcount=\count102
\calc@Adimen=\dimen119
\calc@Bdimen=\dimen120
\calc@Askip=\skip46
\calc@Bskip=\skip47
LaTeX Info: Redefining \setlength on input line 76.
LaTeX Info: Redefining \addtolength on input line 77.
\calc@Ccount=\count103
\calc@Cskip=\skip48
)
(/usr/share/texmf-texlive/tex/latex/eso-pic/eso-pic.sty
Package: eso-pic 2006/07/14 v1.1d eso-pic (RN)

(/usr/share/texmf-texlive/tex/latex/ms/everyshi.sty
Package: everyshi 2001/05/15 v3.00 EveryShipout Package (MS)
))
(/usr/share/texmf-texlive/tex/latex/pdfpages/pppdftex.def
File: pppdftex.def 2009/02/07 v0.4g Pdfpages driver for pdfTeX (AM)
)
\AM@pagebox=\box28
\AM@toc@title=\toks22
\c@AM@survey=\count104
\AM@templatesizebox=\box29
)
(/usr/share/texmf-texlive/tex/latex/geometry/geometry.sty
Package: geometry 2008/12/21 v4.2 Page Geometry

(/usr/share/texmf-texlive/tex/generic/oberdiek/ifpdf.sty
Package: ifpdf 2009/04/10 v2.0 Provides the ifpdf switch (HO)
Package ifpdf Info: pdfTeX in pdf mode detected.
)
(/usr/share/texmf-texlive/tex/generic/oberdiek/ifvtex.sty
Package: ifvtex 2008/11/04 v1.4 Switches for detecting VTeX and its modes (HO)
Package ifvtex Info: VTeX not detected.
)
\Gm@cnth=\count105
\Gm@cntv=\count106
\c@Gm@tempcnt=\count107
\Gm@bindingoffset=\dimen121
\Gm@wd@mp=\dimen122
\Gm@odd@mp=\dimen123
\Gm@even@mp=\dimen124
\Gm@dimlist=\toks23
)
(/usr/share/texmf-texlive/tex/latex/graphics/color.sty
Package: color 2005/11/14 v1.0j Standard LaTeX Color (DPC)

(/etc/texmf/tex/latex/config/color.cfg
File: color.cfg 2007/01/18 v1.5 color configuration of teTeX/TeXLive
)
Package color Info: Driver file: pdftex.def on input line 130.
)
(/usr/share/texmf-texlive/tex/latex/listings/listings.sty
\lst@mode=\count108
\lst@gtempboxa=\box30
\lst@token=\toks24
\lst@length=\count109
\lst@currlwidth=\dimen125
\lst@column=\count110
\lst@pos=\count111
\lst@lostspace=\dimen126
\lst@width=\dimen127
\lst@newlines=\count112
\lst@lineno=\count113
\lst@maxwidth=\dimen128

(/usr/share/texmf-texlive/tex/latex/listings/lstmisc.sty
File: lstmisc.sty 2007/02/22 1.4 (Carsten Heinz)
\c@lstnumber=\count114
\lst@skipnumbers=\count115
\lst@framebox=\box31
)
(/usr/share/texmf-texlive/tex/latex/listings/listings.cfg
File: listings.cfg 2007/02/22 1.4 listings configuration
))
Package: listings 2007/02/22 1.4 (Carsten Heinz)

(/usr/share/texmf-texlive/tex/latex/listings/lstlang1.sty
File: lstlang1.sty 2004/09/05 1.3 listings language file
)
(/usr/share/texmf-texlive/tex/latex/listings/lstlang1.sty
File: lstlang1.sty 2004/09/05 1.3 listings language file
)
(/usr/share/texmf-texlive/tex/latex/listings/lstmisc.sty
File: lstmisc.sty 2007/02/22 1.4 (Carsten Heinz)
) (./document.aux

LaTeX Warning: Label `lst:listData' multiply defined.


LaTeX Warning: Label `figure_konver_altes_bild' multiply defined.

)
\openout1 = `document.aux'.

LaTeX Font Info:    Checking defaults for OML/cmm/m/it on input line 52.
LaTeX Font Info:    ... okay on input line 52.
LaTeX Font Info:    Checking defaults for T1/cmr/m/n on input line 52.
LaTeX Font Info:    ... okay on input line 52.
LaTeX Font Info:    Checking defaults for OT1/cmr/m/n on input line 52.
LaTeX Font Info:    ... okay on input line 52.
LaTeX Font Info:    Checking defaults for OMS/cmsy/m/n on input line 52.
LaTeX Font Info:    ... okay on input line 52.
LaTeX Font Info:    Checking defaults for OMX/cmex/m/n on input line 52.
LaTeX Font Info:    ... okay on input line 52.
LaTeX Font Info:    Checking defaults for U/cmr/m/n on input line 52.
LaTeX Font Info:    ... okay on input line 52.
 (/usr/share/texmf-texlive/tex/context/base/supp-pdf.mkii
[Loading MPS to PDF converter (version 2006.09.02).]
\scratchcounter=\count116
\scratchdimen=\dimen129
\scratchbox=\box32
\nofMPsegments=\count117
\nofMParguments=\count118
\everyMPshowfont=\toks25
\MPscratchCnt=\count119
\MPscratchDim=\dimen130
\MPnumerator=\count120
\everyMPtoPDFconversion=\toks26
) ABD: EveryShipout initializing macros
*geometry auto-detecting driver*
*geometry detected driver: pdftex*
-------------------- Geometry parameters
paper: a4paper
landscape: --
twocolumn: --
twoside: --
asymmetric: --
h-parts: 71.13188pt, 455.24411pt, 71.13188pt
v-parts: 71.13188pt, 702.78308pt, 71.13188pt
hmarginratio: --
vmarginratio: --
lines: --
heightrounded: --
bindingoffset: 0.0pt
truedimen: --
includehead: --
includefoot: --
includemp: --
driver: pdftex
-------------------- Page layout dimensions and switches
\paperwidth  597.50787pt
\paperheight 845.04684pt
\textwidth  455.24411pt
\textheight 702.78308pt
\oddsidemargin  -1.1381pt
\evensidemargin -1.1381pt
\topmargin  -38.1381pt
\headheight 12.0pt
\headsep    25.0pt
\footskip   30.0pt
\marginparwidth 35.0pt
\marginparsep   10.0pt
\columnsep  10.0pt
\skip\footins  10.8pt plus 4.0pt minus 2.0pt
\hoffset 0.0pt
\voffset 0.0pt
\mag 1000

(1in=72.27pt, 1cm=28.45pt)
-----------------------
\c@lstlisting=\count121
<Umit_logo.jpg, id=1, 379.4175pt x 393.1488pt>
File: Umit_logo.jpg Graphic file (type jpg)
 <use Umit_logo.jpg>
Runaway argument?
{ \LARGE {Algorithmische Optimierungen für iterative Dekonvolutionsv\ETC.
! Paragraph ended before \text@command was complete.
<to be read again> 
                   \par 
l.65 Dekonvolutionsverfahren \par }}
                                    
I suspect you've forgotten a `}', causing me to apply this
control sequence to too much text. How can we recover?
My plan is to forget the whole thing and hope for the best.

! Extra }, or forgotten \endgroup.
\textbf  ...\else \hmode@bgroup \text@command {#1}
                                                  \bfseries \check@icl #1\ch...
l.65 Dekonvolutionsverfahren \par }}
                                    
I've deleted a group-closing symbol because it seems to be
spurious, as in `$x}$'. But perhaps the } is legitimate and
you forgot something else, as in `\hbox{$x}'. In such cases
the way to recover is to insert both the forgotten and the
deleted material, e.g., by typing `I$}'.

! Extra }, or forgotten \endgroup.
<recently read> \egroup 
                        
l.65 Dekonvolutionsverfahren \par }}
                                    
I've deleted a group-closing symbol because it seems to be
spurious, as in `$x}$'. But perhaps the } is legitimate and
you forgot something else, as in `\hbox{$x}'. In such cases
the way to recover is to insert both the forgotten and the
deleted material, e.g., by typing `I$}'.

[1

{/var/lib/texmf/fonts/map/pdftex/updmap/pdftex.map} <./Umit_logo.jpg>]
(./document.toc [2])
\tf@toc=\write3
\openout3 = `document.toc'.

 [3]
LaTeX Font Info:    Try loading font information for OMS+cmr on input line 171.

 (/usr/share/texmf-texlive/tex/latex/base/omscmr.fd
File: omscmr.fd 1999/05/25 v2.5h Standard LaTeX font definitions
)
LaTeX Font Info:    Font shape `OMS/cmr/m/n' in size <12> not available
(Font)              Font shape `OMS/cmsy/m/n' tried instead on input line 171.

[4] <camera.png, id=20, 256.96pt x 256.96pt>
File: camera.png Graphic file (type png)
 <use camera.png>
Overfull \hbox (12.22206pt too wide) in paragraph at lines 195--212
\OT1/cmr/bx/n/12 Ortsvariante, -invariante Be-we-gung-sun-sch[]arfe.\OT1/cmr/m/
n/12 Die entste-hende Un-sch[]arfe kann ortsin-
 []

[5 <./camera.png (PNG copy)>] <move17.png, id=26, 256.96pt x 256.96pt>
File: move17.png Graphic file (type png)

<use move17.png> <kern1D37px.png, id=27, 37.13875pt x 37.13875pt>
File: kern1D37px.png Graphic file (type png)

<use kern1D37px.png> <box17.png, id=28, 256.96pt x 256.96pt>
File: box17.png Graphic file (type png)
 <use box17.png>
<kern2D9mal9.png, id=29, 10.0375pt x 10.0375pt>
File: kern2D9mal9.png Graphic file (type png)
 <use kern2D9mal9.png>
<lensblur17.png, id=30, 256.96pt x 256.96pt>
File: lensblur17.png Graphic file (type png)
 <use lensblur17.png>
<kern_lensblur17.png, id=31, 17.06375pt x 17.06375pt>
File: kern_lensblur17.png Graphic file (type png)

<use kern_lensblur17.png>
<Cirles_of_confusion_lens_diagram.png, id=32, 321.2pt x 266.9975pt>
File: Cirles_of_confusion_lens_diagram.png Graphic file (type png)

<use Cirles_of_confusion_lens_diagram.png> [6 <./move17.png (PNG copy)> <./kern
1D37px.png (PNG copy)>] [7 <./box17.png (PNG copy)> <./kern2D9mal9.png (PNG cop
y)> <./lensblur17.png (PNG copy)> <./kern_lensblur17.png (PNG copy)> <./Cirles_
of_confusion_lens_diagram.png>] <out_krumm17.png, id=42, 256.96pt x 256.96pt>
File: out_krumm17.png Graphic file (type png)

<use out_krumm17.png> <krumm17.png, id=43, 17.06375pt x 17.06375pt>
File: krumm17.png Graphic file (type png)

<use krumm17.png> [8 <./out_krumm17.png (PNG copy)> <./krumm17.png (PNG copy)>]
[9] <apple_kernel_convolution.png, id=52, 465.74pt x 359.3425pt>
File: apple_kernel_convolution.png Graphic file (type png)

<use apple_kernel_convolution.png> [10 <./apple_kernel_convolution.png (PNG cop
y)>] <gprof.png, id=58, 662.475pt x 268.00125pt>
File: gprof.png Graphic file (type png)
 <use gprof.png> [11]
Overfull \hbox (16.10518pt too wide) in paragraph at lines 470--474
[]\OT1/cmr/m/n/12 In jed-er It-er-a-tion ist die Fal-tung mit dem bekan-nten Ke
rn (der Punk-t-bild-funk-tion) notwendig.
 []


Overfull \hbox (6.9089pt too wide) in paragraph at lines 487--492
[][]\OT1/cmr/m/n/12 Weiter soll der kreis-runde Kern un-ter-sucht wer-den. Dies
er Kern mod-el-liert eine Fokusun-
 []

[12 <./gprof.png (PNG copy)>] [13] [14]
LaTeX Font Info:    Try loading font information for OML+cmr on input line 578.


(/usr/share/texmf-texlive/tex/latex/base/omlcmr.fd
File: omlcmr.fd 1999/05/25 v2.5h Standard LaTeX font definitions
)
LaTeX Font Info:    Font shape `OML/cmr/m/n' in size <10> not available
(Font)              Font shape `OML/cmm/m/it' tried instead on input line 578.
LaTeX Font Info:    Font shape `OMS/cmr/m/n' in size <10> not available
(Font)              Font shape `OMS/cmsy/m/n' tried instead on input line 578.

Overfull \hbox (23.65874pt too wide) in paragraph at lines 611--629
[]\OT1/cmr/m/n/12 Die Bilder wur-den in eindi-men-sion-alen Ar-rays gespe-icher
t. Dabei wird ein zusam-menh[]angender
 []

[15]

Package Listings Warning: Text dropped after begin of listing on input line 631
.

LaTeX Font Info:    Font shape `OMS/cmr/m/it' in size <10> not available
(Font)              Font shape `OMS/cmsy/m/n' tried instead on input line 635.

LaTeX Warning: Command \textregistered invalid in math mode on input line 659.


LaTeX Warning: Command \textcircled invalid in math mode on input line 659.


LaTeX Warning: Command \textcircled invalid in math mode on input line 659.


LaTeX Warning: Command \textregistered invalid in math mode on input line 659.


LaTeX Warning: Command \textcircled invalid in math mode on input line 659.


LaTeX Warning: Command \textcircled invalid in math mode on input line 659.

[16] [17] <Box1Di.png, id=85, 72.04486pt x 56.28505pt>
File: Box1Di.png Graphic file (type png)
 <use Box1Di.png>
[18 <./Box1Di.png>] [19]
Underfull \hbox (badness 10000) in paragraph at lines 754--758

 []

<Box2D.png, id=94, 208.96167pt x 80.44534pt>
File: Box2D.png Graphic file (type png)
 <use Box2D.png>
! Undefined control sequence.
l.788 dim(h_{1})=m\cdot1,dim(h_{2})=1\cdotn
                                           $
The control sequence at the end of the top line
of your error message was never \def'ed. If you have
misspelled it (e.g., `\hobx'), type `I' and the correct
spelling (e.g., `I\hbox'). Otherwise just continue,
and I'll forget about whatever was undefined.


Overfull \hbox (6.3765pt too wide) in paragraph at lines 799--804
[][]\OT1/cmr/bx/n/12 Kumulierter 2D Box-fil-ter\OT1/cmr/m/n/12 . Grauw-erten ge
bildet wer-den. Dabei entspricht der Grauw-
 []


Underfull \hbox (badness 10000) in paragraph at lines 818--829

 []

[20 <./Box2D.png>] <BoxCumu.png, id=99, 136.61626pt x 72.13338pt>
File: BoxCumu.png Graphic file (type png)

<use BoxCumu.png> <lensblur_box.png, id=100, 88.13414pt x 96.41876pt>
File: lensblur_box.png Graphic file (type png)

<use lensblur_box.png> <bresenham.png, id=101, 50.1875pt x 46.1725pt>
File: bresenham.png Graphic file (type png)

<use bresenham.png>
Overfull \hbox (6.75743pt too wide) in paragraph at lines 863--872
\OT1/cmr/m/n/12 go-rith-mus f[]uhren zwei Ans[]atze, die zum Teil bere-its vorg
estellt wur-den. Der nun vorgestellte
 []


Underfull \hbox (badness 10000) in paragraph at lines 863--872

 []

[21 <./BoxCumu.png>] [22 <./lensblur_box.png> <./bresenham.png (PNG copy)>]
<krumme_kerne.png, id=110, 40.15pt x 34.1275pt>
File: krumme_kerne.png Graphic file (type png)
 <use krumme_kerne.png> [23]

LaTeX Warning: Reference `XX' on page 24 undefined on input line 1011.

[24 <./krumme_kerne.png (PNG copy)>]
<SSE_arch.png, id=117, 734.745pt x 602.25pt>
File: SSE_arch.png Graphic file (type png)
 <use SSE_arch.png>
<konvergenz_std.png, id=118, 256.96pt x 256.96pt>
File: konvergenz_std.png Graphic file (type png)
 <use konvergenz_std.png>
<ablaufdiagramm.png, id=119, 691.85304pt x 865.47731pt>
File: ablaufdiagramm.png Graphic file (type png)

<use ablaufdiagramm.png> [25] [26 <./SSE_arch.png> <./konvergenz_std.png (PNG c
opy)>] [27 <./ablaufdiagramm.png>]
Overfull \hbox (46.72562pt too wide) in paragraph at lines 1068--1077
[]\OT1/cmr/m/n/12 Um einen Ver-gle-ich der Per-for-mance zu erm[]oglichen, muss
 das qual-i-ta-tive Ergib-nis []ubereinstimmen.
 []


Overfull \hbox (19.62044pt too wide) in paragraph at lines 1103--1112
\OT1/cmr/m/n/12 Orts-bere-ich ver-glichen wer-den. Hi-er kann aber die Randbe-d
in-gung aus Kapi-tel 1.4[] []Umbiegen\
 []

[28] <qual/diff_ImageJVsConvolve.png, id=135, 256.96pt x 256.96pt>
File: qual/diff_ImageJVsConvolve.png Graphic file (type png)

<use qual/diff_ImageJVsConvolve.png>
<qual/hist_ImageJVsCon.png, id=136, 295.1025pt x 228.855pt>
File: qual/hist_ImageJVsCon.png Graphic file (type png)

<use qual/hist_ImageJVsCon.png>
<qual/diff_ConVsfCon_mal30.png, id=137, 256.96pt x 256.96pt>
File: qual/diff_ConVsfCon_mal30.png Graphic file (type png)

<use qual/diff_ConVsfCon_mal30.png>
<qual/hist_ConVsfCon.png, id=138, 291.0875pt x 231.86626pt>
File: qual/hist_ConVsfCon.png Graphic file (type png)

<use qual/hist_ConVsfCon.png>
<qual/hist_BoxSepVsCon.png, id=139, 285.065pt x 233.87375pt>
File: qual/hist_BoxSepVsCon.png Graphic file (type png)

<use qual/hist_BoxSepVsCon.png>
<qual/hist_Box2dVsCon.png, id=140, 287.0725pt x 230.8625pt>
File: qual/hist_Box2dVsCon.png Graphic file (type png)

<use qual/hist_Box2dVsCon.png>
<qual/hist_listFilterConst_Vs_Con.png, id=141, 290.08376pt x 236.885pt>
File: qual/hist_listFilterConst_Vs_Con.png Graphic file (type png)

<use qual/hist_listFilterConst_Vs_Con.png>
<qual/hist_genBoxVsCon.png, id=142, 285.065pt x 230.8625pt>
File: qual/hist_genBoxVsCon.png Graphic file (type png)

<use qual/hist_genBoxVsCon.png>
<qual/out_kumuliert.png, id=143, 256.96pt x 256.96pt>
File: qual/out_kumuliert.png Graphic file (type png)

<use qual/out_kumuliert.png>
<qual/simd_difference_fehler.png, id=144, 256.96pt x 256.96pt>
File: qual/simd_difference_fehler.png Graphic file (type png)

<use qual/simd_difference_fehler.png>
<qual/hist_simdVsCon.png, id=145, 295.1025pt x 241.90375pt>
File: qual/hist_simdVsCon.png Graphic file (type png)

<use qual/hist_simdVsCon.png>
Overfull \hbox (7.06529pt too wide) in paragraph at lines 1193--1200
[][]\OT1/cmr/bx/n/12 Lokalisierung\OT1/cmr/m/n/12 . Ein weit-er-er qual-i-ta-ti
v-er Ver-gle-ich ist durch Pr[]ufung der Lokalisierungs-
 []


Overfull \hbox (5.64641pt too wide) in paragraph at lines 1193--1200
\OT1/cmr/m/n/12 (103,103) far-blich markiert. So ist eine ein-fache vi-suelle K
on-trolle der Lokalisierung m[]oglich.
 []

<qual/Lokalisierung.png, id=146, 152.57pt x 131.49126pt>
File: qual/Lokalisierung.png Graphic file (type png)

<use qual/Lokalisierung.png> [29 <./qual/diff_ImageJVsConvolve.png (PNG copy)> 
<./qual/hist_ImageJVsCon.png (PNG copy)>] [30 <./qual/diff_ConVsfCon_mal30.png 
(PNG copy)> <./qual/hist_ConVsfCon.png (PNG copy)> <./qual/hist_BoxSepVsCon.png
 (PNG copy)>] [31 <./qual/hist_Box2dVsCon.png (PNG copy)> <./qual/hist_listFilt
erConst_Vs_Con.png (PNG copy)> <./qual/hist_genBoxVsCon.png (PNG copy)>]
[32 <./qual/out_kumuliert.png (PNG copy)> <./qual/simd_difference_fehler.png (P
NG copy)> <./qual/hist_simdVsCon.png (PNG copy)>]
File: konvergenz_std.png Graphic file (type png)
 <use konvergenz_std.png>
<faltungen.png, id=160, 485.58943pt x 334.55325pt>
File: faltungen.png Graphic file (type png)
 <use faltungen.png> [33 <./qual/Lokalisierung.png (PNG copy)>] [34 <./faltunge
n.png>]
Underfull \hbox (badness 10000) in paragraph at lines 1271--1276

 []

<listFilter_vs_convolve.pdf, id=168, 505.89pt x 505.89pt>
File: listFilter_vs_convolve.pdf Graphic file (type pdf)

<use listFilter_vs_convolve.pdf>
Underfull \hbox (badness 10000) in paragraph at lines 1286--1296

 []

<simd_vergleich_lin.png, id=169, 505.89pt x 505.89pt>
File: simd_vergleich_lin.png Graphic file (type png)

<use simd_vergleich_lin.png>
<simd_vergleich_quadrat.pdf, id=170, 505.89pt x 505.89pt>
File: simd_vergleich_quadrat.pdf Graphic file (type pdf)

<use simd_vergleich_quadrat.pdf>

LaTeX Warning: Command \" invalid in math mode on input line 1324.

! Please use \mathaccent for accents in math mode.
<recently read> \accent 
                        
l.1324 ...tenfilter mit lensblur-Kern; $Listengrö
                                                  ße \approx
I'm changing \accent to \mathaccent here; wish me luck.
(Accents are not the same in formulas as they are in text.)

! Missing { inserted.
<to be read again> 
                   \fontdimen 
l.1324 ...tenfilter mit lensblur-Kern; $Listengrö
                                                  ße \approx
A left brace was mandatory here, so I've put one in.
You might want to delete and/or insert some corrections
so that I will find a matching right brace soon.
(If you're confused by all this, try typing `I}' now.)


LaTeX Warning: Command \ss invalid in math mode on input line 1324.

! Missing } inserted.
<inserted text> 
                }
l.1325   d^{2}/4 \cdot \pi$
                            Elemente. $d = 17, 11,9$
I've inserted something that you may have forgotten.
(See the <inserted text> above.)
With luck, this will get me unwedged. But if you
really didn't forget anything, try typing `2' now; then
my insertion and my current dilemma will both disappear.

<rl_messung.png, id=171, 525.27951pt x 519.99147pt>
File: rl_messung.png Graphic file (type png)
 <use rl_messung.png>
<rl_messung_umgruppiert.png, id=172, 458.29756pt x 448.6028pt>
File: rl_messung_umgruppiert.png Graphic file (type png)

<use rl_messung_umgruppiert.png>
<rrrl_messung.png, id=173, 525.27951pt x 525.27951pt>
File: rrrl_messung.png Graphic file (type png)
 <use rrrl_messung.png>
<konvergenz_RL_0_05.png, id=174, 256.96pt x 256.96pt>
File: konvergenz_RL_0_05.png Graphic file (type png)

<use konvergenz_RL_0_05.png>
<konvergenz_RL_0_5.png, id=175, 256.96pt x 256.96pt>
File: konvergenz_RL_0_5.png Graphic file (type png)

<use konvergenz_RL_0_5.png>

pdfTeX warning: /usr/bin/pdflatex (file ./histogramm_std_konvergenz.pdf): PDF i
nclusion: found PDF version <1.5>, but at most version <1.4> allowed
<histogramm_std_konvergenz.pdf, id=176, 505.89pt x 505.89pt>
File: histogramm_std_konvergenz.pdf Graphic file (type pdf)

<use histogramm_std_konvergenz.pdf>
<ablauf_sub.png, id=178, 505.89pt x 565.82121pt>
File: ablauf_sub.png Graphic file (type png)
 <use ablauf_sub.png> [35]
[36 <./listFilter_vs_convolve.pdf>] [37 <./simd_vergleich_lin.png>] [38 <./simd
_vergleich_quadrat.pdf>] [39 <./rl_messung.png>] [40 <./rl_messung_umgruppiert.
png>] [41 <./rrrl_messung.png>] [42] [43 <./konvergenz_RL_0_05.png (PNG copy)> 
<./konvergenz_RL_0_5.png (PNG copy)>] [44 <./histogramm_std_konvergenz.pdf>]
[45 <./ablauf_sub.png>] [46] (./document.lof
Overfull \hbox (1.84514pt too wide) in paragraph at lines 24--24
 [][][] []\OT1/cmr/m/n/12 Grauwertdifferenz zwis-chen gener-ischen Box-fil-ter 
und der Orts-fal-tung. Dazu 
 []


Overfull \hbox (18.6607pt too wide) in paragraph at lines 25--25
 [][][] []\OT1/cmr/m/n/12 Ergebnis der Fal-tung des ku-mulierten Box-fil-ter, d
un-kle R[]ander durch ge[]anderte 
 []

[47]
Overfull \hbox (2.08554pt too wide) in paragraph at lines 27--27
 \OT1/cmr/m/n/12 un-ter-suchte Fal-tun-gen: F. im Fre-quenzbere-ich, Orts-bere-
ich, separi-ert-er Box- 
 []


Overfull \hbox (18.07191pt too wide) in paragraph at lines 34--34
 [][][] []\OT1/cmr/m/n/12 Zeitbedarf RL mit ver-schiede-nen Fal-tungsrou-ti-nen
, grup-pert nach Fal-tungsrou- 
 []

)
\tf@lof=\write4
\openout4 = `document.lof'.

 [48] (./document.lot)
\tf@lot=\write5
\openout5 = `document.lot'.

 (./document.lol)
\tf@lol=\write6
\openout6 = `document.lol'.

 [49] (./document.bbl

! Package inputenc Error: Unicode char \u8:ﬁ not set up for use with LaTeX.

See the inputenc package documentation for explanation.
Type  H <return>  for immediate help.
 ...                                              
                                                  
l.55 ...block gprof: a call graph execution proﬁ
                                                  ler.
Your command was ignored.
Type  I <command> <return>  to replace it with another command,
or  <return>  to continue without it.


Overfull \hbox (6.23447pt too wide) in paragraph at lines 65--69
[][]\OT1/cmr/m/n/12 Jef Poskanz-er.  spec-i-fi-ca-tion pgm.  1991.  http://netp
bm.sourceforge.net/doc/pgm.html. 
 []


Underfull \hbox (badness 10000) in paragraph at lines 92--98
\OT1/cmtt/m/n/12 wikimedia . org / wikipedia / de / a / aa / Sse-[]architecture
-[]relations . svg$\OT1/cmr/m/n/12 , 2012.
 []

[50]) [51] [52] (./document.aux)

LaTeX Warning: There were undefined references.


LaTeX Warning: There were multiply-defined labels.

 ) 
Here is how much of TeX's memory you used:
 5690 strings out of 495061
 76024 string characters out of 1182621
 285828 words of memory out of 3000000
 8733 multiletter control sequences out of 15000+50000
 10499 words of font info for 38 fonts, out of 3000000 for 9000
 28 hyphenation exceptions out of 8191
 33i,11n,58p,315b,1377s stack positions out of 5000i,500n,10000p,200000b,50000s
</usr/share/texmf-texlive/fonts/type1/public/amsfonts/cm/cmbx10.pfb></usr/sha
re/texmf-texlive/fonts/type1/public/amsfonts/cm/cmbx12.pfb></usr/share/texmf-te
xlive/fonts/type1/public/amsfonts/cm/cmex10.pfb></usr/share/texmf-texlive/fonts
/type1/public/amsfonts/cm/cmmi10.pfb></usr/share/texmf-texlive/fonts/type1/publ
ic/amsfonts/cm/cmmi12.pfb></usr/share/texmf-texlive/fonts/type1/public/amsfonts
/cm/cmmi6.pfb></usr/share/texmf-texlive/fonts/type1/public/amsfonts/cm/cmmi8.pf
b></usr/share/texmf-texlive/fonts/type1/public/amsfonts/cm/cmr10.pfb></usr/shar
e/texmf-texlive/fonts/type1/public/amsfonts/cm/cmr12.pfb></usr/share/texmf-texl
ive/fonts/type1/public/amsfonts/cm/cmr17.pfb></usr/share/texmf-texlive/fonts/ty
pe1/public/amsfonts/cm/cmr8.pfb></usr/share/texmf-texlive/fonts/type1/public/am
sfonts/cm/cmsy10.pfb></usr/share/texmf-texlive/fonts/type1/public/amsfonts/cm/c
msy8.pfb></usr/share/texmf-texlive/fonts/type1/public/amsfonts/cm/cmti10.pfb></
usr/share/texmf-texlive/fonts/type1/public/amsfonts/cm/cmti12.pfb></usr/share/t
exmf-texlive/fonts/type1/public/amsfonts/cm/cmtt12.pfb>
Output written on document.pdf (52 pages, 1425306 bytes).
PDF statistics:
 337 PDF objects out of 1000 (max. 8388607)
 0 named destinations out of 1000 (max. 500000)
 226 words of extra memory for PDF output out of 10000 (max. 10000000)

